<?xml version="1.0" encoding="UTF-8"?>
<!-- Generated by org.testng.reporters.JUnitReportReporter -->
<testsuite skipped="0" hostname="RVSBLR706LT" name="com.bookstore.testcases.GotoBookstore" tests="1" failures="0" timestamp="2021-11-22T19:10:26 IST" time="47.722" errors="0">
  <testcase name="gotobookstore" time="47.722" classname="com.bookstore.testcases.GotoBookstore"/>
  <system-out/>
</testsuite> <!-- com.bookstore.testcases.GotoBookstore -->
