<?xml version="1.0" encoding="UTF-8"?>
<!-- Generated by org.testng.reporters.JUnitReportReporter -->
<testsuite skipped="0" hostname="RVSBLR706LT" name="com.bookstore.testcases.BookCollection" tests="1" failures="0" timestamp="2021-11-25T17:08:15 IST" time="69.330" errors="0">
  <testcase name="collection" time="69.330" classname="com.bookstore.testcases.BookCollection"/>
  <system-out/>
</testsuite> <!-- com.bookstore.testcases.BookCollection -->
