<?xml version="1.0" encoding="UTF-8"?>
<!-- Generated by org.testng.reporters.JUnitReportReporter -->
<testsuite skipped="0" hostname="RVSBLR706LT" name="com.bookstore.testcases.LoginPageTC_01" tests="1" failures="0" timestamp="2021-11-30T17:53:29 IST" time="16.803" errors="0">
  <testcase name="loginTest" time="16.803" classname="com.bookstore.testcases.LoginPageTC_01"/>
  <system-out/>
</testsuite> <!-- com.bookstore.testcases.LoginPageTC_01 -->
