<?xml version="1.0" encoding="UTF-8"?>
<!-- Generated by org.testng.reporters.JUnitReportReporter -->
<testsuite skipped="0" hostname="RVSBLR706LT" name="com.bookstore.testcases.BookSelection" tests="1" failures="0" timestamp="2021-11-25T17:08:15 IST" time="29.305" errors="0">
  <testcase name="bookselect" time="29.305" classname="com.bookstore.testcases.BookSelection"/>
  <system-out/>
</testsuite> <!-- com.bookstore.testcases.BookSelection -->
